  pch.cpp
  Man.cpp
  Object.cpp
E:\강의관련\개인프로젝트\Running\Running\Man.cpp(74,26): warning C4244: '인수': 'float'에서 'int'(으)로 변환하면서 데이터가 손실될 수 있습니다.
  (소스 파일 '/Man.cpp'을(를) 컴파일하는 중)
  
E:\강의관련\개인프로젝트\Running\Running\Man.cpp(74,23): warning C4244: '인수': 'float'에서 'int'(으)로 변환하면서 데이터가 손실될 수 있습니다.
  (소스 파일 '/Man.cpp'을(를) 컴파일하는 중)
  
E:\강의관련\개인프로젝트\Running\Running\Man.cpp(77,26): warning C4244: '인수': 'float'에서 'int'(으)로 변환하면서 데이터가 손실될 수 있습니다.
  (소스 파일 '/Man.cpp'을(를) 컴파일하는 중)
  
E:\강의관련\개인프로젝트\Running\Running\Man.cpp(77,23): warning C4244: '인수': 'float'에서 'int'(으)로 변환하면서 데이터가 손실될 수 있습니다.
  (소스 파일 '/Man.cpp'을(를) 컴파일하는 중)
  
E:\강의관련\개인프로젝트\Running\Running\Man.cpp(80,33): warning C4244: '인수': 'float'에서 'int'(으)로 변환하면서 데이터가 손실될 수 있습니다.
  (소스 파일 '/Man.cpp'을(를) 컴파일하는 중)
  
E:\강의관련\개인프로젝트\Running\Running\Man.cpp(80,30): warning C4244: '인수': 'float'에서 'int'(으)로 변환하면서 데이터가 손실될 수 있습니다.
  (소스 파일 '/Man.cpp'을(를) 컴파일하는 중)
  
E:\강의관련\개인프로젝트\Running\Running\Object.cpp(47,23): warning C4244: '인수': 'float'에서 'int'(으)로 변환하면서 데이터가 손실될 수 있습니다.
  (소스 파일 '/Object.cpp'을(를) 컴파일하는 중)
  
E:\강의관련\개인프로젝트\Running\Running\Object.cpp(47,15): warning C4244: '인수': 'float'에서 'int'(으)로 변환하면서 데이터가 손실될 수 있습니다.
  (소스 파일 '/Object.cpp'을(를) 컴파일하는 중)
  
E:\강의관련\개인프로젝트\Running\Running\Object.cpp(50,25): warning C4244: '인수': 'float'에서 'int'(으)로 변환하면서 데이터가 손실될 수 있습니다.
  (소스 파일 '/Object.cpp'을(를) 컴파일하는 중)
  
E:\강의관련\개인프로젝트\Running\Running\Object.cpp(50,17): warning C4244: '인수': 'float'에서 'int'(으)로 변환하면서 데이터가 손실될 수 있습니다.
  (소스 파일 '/Object.cpp'을(를) 컴파일하는 중)
  
  Running.cpp
  RunningDlg.cpp
  SocCom.cpp
  코드를 생성하고 있습니다...
  Running.vcxproj -> E:\강의관련\개인프로젝트\Running\x64\Debug\Running.exe
