c:\users\82103\desktop\강의관련\개인프로젝트\running\running\x64\debug\running.pch
c:\users\82103\desktop\강의관련\개인프로젝트\running\running\x64\debug\vc143.pdb
c:\users\82103\desktop\강의관련\개인프로젝트\running\running\x64\debug\vc143.idb
c:\users\82103\desktop\강의관련\개인프로젝트\running\running\x64\debug\pch.obj
c:\users\82103\desktop\강의관련\개인프로젝트\running\running\x64\debug\soccom.obj
c:\users\82103\desktop\강의관련\개인프로젝트\running\running\x64\debug\runningdlg.obj
c:\users\82103\desktop\강의관련\개인프로젝트\running\running\x64\debug\running.obj
c:\users\82103\desktop\강의관련\개인프로젝트\running\running\x64\debug\object.obj
c:\users\82103\desktop\강의관련\개인프로젝트\running\running\x64\debug\man.obj
c:\users\82103\desktop\강의관련\개인프로젝트\running\x64\debug\running.exe
c:\users\82103\desktop\강의관련\개인프로젝트\running\running\x64\debug\running.ilk
c:\users\82103\desktop\강의관련\개인프로젝트\running\x64\debug\running.pdb
c:\users\82103\desktop\강의관련\개인프로젝트\running\running\x64\debug\running.res
c:\users\82103\desktop\강의관련\개인프로젝트\running\running\x64\debug\running.tlog\cl.command.1.tlog
c:\users\82103\desktop\강의관련\개인프로젝트\running\running\x64\debug\running.tlog\cl.read.1.tlog
c:\users\82103\desktop\강의관련\개인프로젝트\running\running\x64\debug\running.tlog\cl.write.1.tlog
c:\users\82103\desktop\강의관련\개인프로젝트\running\running\x64\debug\running.tlog\link.command.1.tlog
c:\users\82103\desktop\강의관련\개인프로젝트\running\running\x64\debug\running.tlog\link.read.1.tlog
c:\users\82103\desktop\강의관련\개인프로젝트\running\running\x64\debug\running.tlog\link.write.1.tlog
c:\users\82103\desktop\강의관련\개인프로젝트\running\running\x64\debug\running.tlog\rc.command.1.tlog
c:\users\82103\desktop\강의관련\개인프로젝트\running\running\x64\debug\running.tlog\rc.read.1.tlog
c:\users\82103\desktop\강의관련\개인프로젝트\running\running\x64\debug\running.tlog\rc.write.1.tlog
